nohup: ignoring input
[33m
ðŸ --- Starting compilation and setup phase. Hold tight... ------------------------
[0m
[33m
ðŸ --- Compiling wasp project... --------------------------------------------------
[0m

[33m[[0m  [33mWasp[0m  [33m][0m Starting npm install
[33m[[0m  [33mWasp[0m  [33m][0m Still installing npm dependencies!
[33m[[0m  [33mWasp[0m [1m[31m![0m[33m][0m npm warn deprecated domexception@4.0.0: Use your platform's native DOMException instead
[33m[[0m  [33mWasp[0m [1m[31m![0m[33m][0m npm warn deprecated node-domexception@1.0.0: Use your platform's native DOMException instead
[33m[[0m  [33mWasp[0m  [33m][0m Installation going great - we'll get there soon!
[33m[[0m  [33mWasp[0m  [33m][0m 
[33m[[0m  [33mWasp[0m  [33m][0m added 117 packages, and audited 907 packages in 15s
[33m[[0m  [33mWasp[0m  [33m][0m 
[33m[[0m  [33mWasp[0m  [33m][0m 153 packages are looking for funding
[33m[[0m  [33mWasp[0m  [33m][0m   run `npm fund` for details
[33m[[0m  [33mWasp[0m  [33m][0m 
[33m[[0m  [33mWasp[0m  [33m][0m 11 vulnerabilities (2 low, 7 moderate, 2 critical)
[33m[[0m  [33mWasp[0m  [33m][0m 
[33m[[0m  [33mWasp[0m  [33m][0m To address all issues possible (including breaking changes), run:
[33m[[0m  [33mWasp[0m  [33m][0m   npm audit fix --force
[33m[[0m  [33mWasp[0m  [33m][0m 
[33m[[0m  [33mWasp[0m  [33m][0m Some issues need review, and may require choosing
[33m[[0m  [33mWasp[0m  [33m][0m a different dependency.
[33m[[0m  [33mWasp[0m  [33m][0m 
[33m[[0m  [33mWasp[0m  [33m][0m Run `npm audit` for details.
[36m[[0m [36mClient[0m [36m][0m Starting npm install
[35m[[0m [35mServer[0m [35m][0m Starting npm install
[36m[[0m [36mClient[0m [36m][0m Still installing npm dependencies!
[35m[[0m [35mServer[0m [35m][0m Still installing npm dependencies!
[35m[[0m [35mServer[0m [35m][0m 
[35m[[0m [35mServer[0m [35m][0m added 145 packages, and audited 146 packages in 12s
[35m[[0m [35mServer[0m [35m][0m 
[35m[[0m [35mServer[0m [35m][0m 30 packages are looking for funding
[35m[[0m [35mServer[0m [35m][0m   run `npm fund` for details
[35m[[0m [35mServer[0m [35m][0m 
[35m[[0m [35mServer[0m [35m][0m 3 high severity vulnerabilities
[35m[[0m [35mServer[0m [35m][0m 
[35m[[0m [35mServer[0m [35m][0m To address all issues (including breaking changes), run:
[35m[[0m [35mServer[0m [35m][0m   npm audit fix --force
[35m[[0m [35mServer[0m [35m][0m 
[35m[[0m [35mServer[0m [35m][0m Run `npm audit` for details.
[36m[[0m [36mClient[0m [36m][0m Installation going great - we'll get there soon!
[36m[[0m [36mClient[0m [36m][0m 
[36m[[0m [36mClient[0m [36m][0m added 94 packages, and audited 95 packages in 15s
[36m[[0m [36mClient[0m [36m][0m 
[36m[[0m [36mClient[0m [36m][0m 17 packages are looking for funding
[36m[[0m [36mClient[0m [36m][0m   run `npm fund` for details
[36m[[0m [36mClient[0m [36m][0m 
[36m[[0m [36mClient[0m [36m][0m found 0 vulnerabilities[33m
âœ… --- Successfully completed npm install. ----------------------------------------
[0m
[33m
ðŸ --- Setting up database... -----------------------------------------------------
[0m

[34m[[0m   [34mDb[0m   [34m][0m [+] Added tables
[34m[[0m   [34mDb[0m   [34m][0m   - Notification
[34m[[0m   [34mDb[0m   [34m][0m   - NotificationPreferences
[34m[[0m   [34mDb[0m   [34m][0m 
[34m[[0m   [34mDb[0m   [34m][0m [-] Removed tables
[34m[[0m   [34mDb[0m   [34m][0m   - Auth
[34m[[0m   [34mDb[0m   [34m][0m   - AuthIdentity
[34m[[0m   [34mDb[0m   [34m][0m   - Session
[34m[[0m   [34mDb[0m   [34m][0m 
[34m[[0m   [34mDb[0m   [34m][0m [*] Changed the `Auth` table
[34m[[0m   [34mDb[0m   [34m][0m   [-] Removed foreign key on columns (userId)
[34m[[0m   [34mDb[0m   [34m][0m 
[34m[[0m   [34mDb[0m   [34m][0m [*] Changed the `AuthIdentity` table
[34m[[0m   [34mDb[0m   [34m][0m   [-] Removed foreign key on columns (authId)
[34m[[0m   [34mDb[0m   [34m][0m 
[34m[[0m   [34mDb[0m   [34m][0m [*] Changed the `MailPiece` table
[34m[[0m   [34mDb[0m   [34m][0m   [+] Added column `customerPrice`
[34m[[0m   [34mDb[0m   [34m][0m   [+] Added column `lobCost`
[34m[[0m   [34mDb[0m   [34m][0m   [+] Added column `markup`
[34m[[0m   [34mDb[0m   [34m][0m   [+] Added column `returnReceipt`
[34m[[0m   [34mDb[0m   [34m][0m   [+] Added column `serviceOptions`
[34m[[0m   [34mDb[0m   [34m][0m   [+] Added column `signatureConfirmation`
[34m[[0m   [34mDb[0m   [34m][0m   [+] Added column `trackingEnabled`
[34m[[0m   [34mDb[0m   [34m][0m 
[34m[[0m   [34mDb[0m   [34m][0m [*] Changed the `Notification` table
[34m[[0m   [34mDb[0m   [34m][0m   [+] Added index on columns (createdAt)
[34m[[0m   [34mDb[0m   [34m][0m   [+] Added index on columns (userId, readAt)
[34m[[0m   [34mDb[0m   [34m][0m   [+] Added index on columns (userId, type)
[34m[[0m   [34mDb[0m   [34m][0m   [+] Added foreign key on columns (mailPieceId)
[34m[[0m   [34mDb[0m   [34m][0m   [+] Added foreign key on columns (userId)
[34m[[0m   [34mDb[0m   [34m][0m 
[34m[[0m   [34mDb[0m   [34m][0m [*] Changed the `NotificationPreferences` table
[34m[[0m   [34mDb[0m   [34m][0m   [+] Added unique index on columns (userId)
[34m[[0m   [34mDb[0m   [34m][0m   [+] Added foreign key on columns (userId)
[34m[[0m   [34mDb[0m   [34m][0m 
[34m[[0m   [34mDb[0m   [34m][0m [*] Changed the `Session` table
[34m[[0m   [34mDb[0m   [34m][0m   [-] Removed foreign key on columns (userId)
[34m[[0m   [34mDb[0m   [34m][0m 
[34m[[0m   [34mDb[0m   [34m][0m [*] Changed the `User` table
[34m[[0m   [34mDb[0m   [34m][0m   [-] Removed column `lemonSqueezyCustomerPortalUrl`
[34m[[0m   [34mDb[0m   [34m][0m Environment variables loaded from .env
[34m[[0m   [34mDb[0m   [34m][0m Prisma schema loaded from ../db/schema.prisma
[34m[[0m   [34mDb[0m   [34m][0m 
[34m[[0m   [34mDb[0m   [34m][0m âœ” Generated Prisma Client (v5.19.1) to ./../../../node_modules/@prisma/client in 457ms
[34m[[0m   [34mDb[0m   [34m][0m [33m
âœ… --- Database successfully set up. ----------------------------------------------
[0m
[33m
ðŸ --- Building SDK... ------------------------------------------------------------
[0m

[33m[[0m  [33mWasp[0m  [33m][0m > wasp@1.0.0 build
[33m[[0m  [33mWasp[0m  [33m][0m > tsc && node ./scripts/copy-assets.js
[33m[[0m  [33mWasp[0m  [33m][0m 